<?xml version="1.0" encoding="UTF-8"?>
<testsuite xmlns:xsi="http://www.w3.org/2001/XMLSchema-instance" xsi:noNamespaceSchemaLocation="https://maven.apache.org/surefire/maven-surefire-plugin/xsd/surefire-test-report-3.0.xsd" version="3.0" name="com.example.llama.llamaapi2.LlamaApi2ApplicationTests" time="0.981" tests="1" errors="0" skipped="0" failures="0">
  <properties>
    <property name="java.specification.version" value="17"/>
    <property name="sun.jnu.encoding" value="UTF-8"/>
    <property name="java.class.path" value="/Users/liruochen/IdeaProjects/llamaapi/target/test-classes:/Users/liruochen/IdeaProjects/llamaapi/target/classes:/Users/liruochen/.m2/repository/org/springframework/boot/spring-boot-starter/3.2.0-M2/spring-boot-starter-3.2.0-M2.jar:/Users/liruochen/.m2/repository/org/springframework/boot/spring-boot/3.2.0-M2/spring-boot-3.2.0-M2.jar:/Users/liruochen/.m2/repository/org/springframework/spring-context/6.1.0-M4/spring-context-6.1.0-M4.jar:/Users/liruochen/.m2/repository/org/springframework/spring-aop/6.1.0-M4/spring-aop-6.1.0-M4.jar:/Users/liruochen/.m2/repository/org/springframework/spring-beans/6.1.0-M4/spring-beans-6.1.0-M4.jar:/Users/liruochen/.m2/repository/org/springframework/spring-expression/6.1.0-M4/spring-expression-6.1.0-M4.jar:/Users/liruochen/.m2/repository/io/micrometer/micrometer-observation/1.12.0-M2/micrometer-observation-1.12.0-M2.jar:/Users/liruochen/.m2/repository/io/micrometer/micrometer-commons/1.12.0-M2/micrometer-commons-1.12.0-M2.jar:/Users/liruochen/.m2/repository/org/springframework/boot/spring-boot-autoconfigure/3.2.0-M2/spring-boot-autoconfigure-3.2.0-M2.jar:/Users/liruochen/.m2/repository/org/springframework/boot/spring-boot-starter-logging/3.2.0-M2/spring-boot-starter-logging-3.2.0-M2.jar:/Users/liruochen/.m2/repository/ch/qos/logback/logback-classic/1.4.11/logback-classic-1.4.11.jar:/Users/liruochen/.m2/repository/ch/qos/logback/logback-core/1.4.11/logback-core-1.4.11.jar:/Users/liruochen/.m2/repository/org/apache/logging/log4j/log4j-to-slf4j/2.20.0/log4j-to-slf4j-2.20.0.jar:/Users/liruochen/.m2/repository/org/apache/logging/log4j/log4j-api/2.20.0/log4j-api-2.20.0.jar:/Users/liruochen/.m2/repository/org/slf4j/jul-to-slf4j/2.0.7/jul-to-slf4j-2.0.7.jar:/Users/liruochen/.m2/repository/jakarta/annotation/jakarta.annotation-api/2.1.1/jakarta.annotation-api-2.1.1.jar:/Users/liruochen/.m2/repository/org/springframework/spring-core/6.1.0-M4/spring-core-6.1.0-M4.jar:/Users/liruochen/.m2/repository/org/springframework/spring-jcl/6.1.0-M4/spring-jcl-6.1.0-M4.jar:/Users/liruochen/.m2/repository/org/yaml/snakeyaml/2.1/snakeyaml-2.1.jar:/Users/liruochen/.m2/repository/org/springframework/boot/spring-boot-devtools/3.2.0-M2/spring-boot-devtools-3.2.0-M2.jar:/Users/liruochen/.m2/repository/org/projectlombok/lombok/1.18.28/lombok-1.18.28.jar:/Users/liruochen/.m2/repository/org/springframework/boot/spring-boot-starter-test/3.2.0-M2/spring-boot-starter-test-3.2.0-M2.jar:/Users/liruochen/.m2/repository/org/springframework/boot/spring-boot-test/3.2.0-M2/spring-boot-test-3.2.0-M2.jar:/Users/liruochen/.m2/repository/org/springframework/boot/spring-boot-test-autoconfigure/3.2.0-M2/spring-boot-test-autoconfigure-3.2.0-M2.jar:/Users/liruochen/.m2/repository/com/jayway/jsonpath/json-path/2.8.0/json-path-2.8.0.jar:/Users/liruochen/.m2/repository/org/slf4j/slf4j-api/2.0.7/slf4j-api-2.0.7.jar:/Users/liruochen/.m2/repository/jakarta/xml/bind/jakarta.xml.bind-api/4.0.0/jakarta.xml.bind-api-4.0.0.jar:/Users/liruochen/.m2/repository/jakarta/activation/jakarta.activation-api/2.1.2/jakarta.activation-api-2.1.2.jar:/Users/liruochen/.m2/repository/net/minidev/json-smart/2.5.0/json-smart-2.5.0.jar:/Users/liruochen/.m2/repository/net/minidev/accessors-smart/2.5.0/accessors-smart-2.5.0.jar:/Users/liruochen/.m2/repository/org/ow2/asm/asm/9.3/asm-9.3.jar:/Users/liruochen/.m2/repository/org/assertj/assertj-core/3.24.2/assertj-core-3.24.2.jar:/Users/liruochen/.m2/repository/net/bytebuddy/byte-buddy/1.14.6/byte-buddy-1.14.6.jar:/Users/liruochen/.m2/repository/org/hamcrest/hamcrest/2.2/hamcrest-2.2.jar:/Users/liruochen/.m2/repository/org/junit/jupiter/junit-jupiter/5.10.0/junit-jupiter-5.10.0.jar:/Users/liruochen/.m2/repository/org/junit/jupiter/junit-jupiter-api/5.10.0/junit-jupiter-api-5.10.0.jar:/Users/liruochen/.m2/repository/org/opentest4j/opentest4j/1.3.0/opentest4j-1.3.0.jar:/Users/liruochen/.m2/repository/org/junit/platform/junit-platform-commons/1.10.0/junit-platform-commons-1.10.0.jar:/Users/liruochen/.m2/repository/org/apiguardian/apiguardian-api/1.1.2/apiguardian-api-1.1.2.jar:/Users/liruochen/.m2/repository/org/junit/jupiter/junit-jupiter-params/5.10.0/junit-jupiter-params-5.10.0.jar:/Users/liruochen/.m2/repository/org/junit/jupiter/junit-jupiter-engine/5.10.0/junit-jupiter-engine-5.10.0.jar:/Users/liruochen/.m2/repository/org/junit/platform/junit-platform-engine/1.10.0/junit-platform-engine-1.10.0.jar:/Users/liruochen/.m2/repository/org/mockito/mockito-core/5.5.0/mockito-core-5.5.0.jar:/Users/liruochen/.m2/repository/net/bytebuddy/byte-buddy-agent/1.14.6/byte-buddy-agent-1.14.6.jar:/Users/liruochen/.m2/repository/org/objenesis/objenesis/3.3/objenesis-3.3.jar:/Users/liruochen/.m2/repository/org/mockito/mockito-junit-jupiter/5.5.0/mockito-junit-jupiter-5.5.0.jar:/Users/liruochen/.m2/repository/org/skyscreamer/jsonassert/1.5.1/jsonassert-1.5.1.jar:/Users/liruochen/.m2/repository/com/vaadin/external/google/android-json/0.0.20131108.vaadin1/android-json-0.0.20131108.vaadin1.jar:/Users/liruochen/.m2/repository/org/springframework/spring-test/6.1.0-M4/spring-test-6.1.0-M4.jar:/Users/liruochen/.m2/repository/org/xmlunit/xmlunit-core/2.9.1/xmlunit-core-2.9.1.jar:"/>
    <property name="java.vm.vendor" value="Eclipse Adoptium"/>
    <property name="sun.arch.data.model" value="64"/>
    <property name="java.vendor.url" value="https://adoptium.net/"/>
    <property name="user.timezone" value="Asia/Taipei"/>
    <property name="os.name" value="Mac OS X"/>
    <property name="java.vm.specification.version" value="17"/>
    <property name="sun.java.launcher" value="SUN_STANDARD"/>
    <property name="user.country" value="TW"/>
    <property name="sun.boot.library.path" value="/Library/Java/JavaVirtualMachines/temurin-17.jdk/Contents/Home/lib"/>
    <property name="sun.java.command" value="/Users/liruochen/IdeaProjects/llamaapi/target/surefire/surefirebooter-20230910015624078_3.jar /Users/liruochen/IdeaProjects/llamaapi/target/surefire 2023-09-10T01-56-18_313-jvmRun1 surefire-20230910015624078_1tmp surefire_0-20230910015624078_2tmp"/>
    <property name="http.nonProxyHosts" value="local|*.local|169.254/16|*.169.254/16"/>
    <property name="jdk.debug" value="release"/>
    <property name="surefire.test.class.path" value="/Users/liruochen/IdeaProjects/llamaapi/target/test-classes:/Users/liruochen/IdeaProjects/llamaapi/target/classes:/Users/liruochen/.m2/repository/org/springframework/boot/spring-boot-starter/3.2.0-M2/spring-boot-starter-3.2.0-M2.jar:/Users/liruochen/.m2/repository/org/springframework/boot/spring-boot/3.2.0-M2/spring-boot-3.2.0-M2.jar:/Users/liruochen/.m2/repository/org/springframework/spring-context/6.1.0-M4/spring-context-6.1.0-M4.jar:/Users/liruochen/.m2/repository/org/springframework/spring-aop/6.1.0-M4/spring-aop-6.1.0-M4.jar:/Users/liruochen/.m2/repository/org/springframework/spring-beans/6.1.0-M4/spring-beans-6.1.0-M4.jar:/Users/liruochen/.m2/repository/org/springframework/spring-expression/6.1.0-M4/spring-expression-6.1.0-M4.jar:/Users/liruochen/.m2/repository/io/micrometer/micrometer-observation/1.12.0-M2/micrometer-observation-1.12.0-M2.jar:/Users/liruochen/.m2/repository/io/micrometer/micrometer-commons/1.12.0-M2/micrometer-commons-1.12.0-M2.jar:/Users/liruochen/.m2/repository/org/springframework/boot/spring-boot-autoconfigure/3.2.0-M2/spring-boot-autoconfigure-3.2.0-M2.jar:/Users/liruochen/.m2/repository/org/springframework/boot/spring-boot-starter-logging/3.2.0-M2/spring-boot-starter-logging-3.2.0-M2.jar:/Users/liruochen/.m2/repository/ch/qos/logback/logback-classic/1.4.11/logback-classic-1.4.11.jar:/Users/liruochen/.m2/repository/ch/qos/logback/logback-core/1.4.11/logback-core-1.4.11.jar:/Users/liruochen/.m2/repository/org/apache/logging/log4j/log4j-to-slf4j/2.20.0/log4j-to-slf4j-2.20.0.jar:/Users/liruochen/.m2/repository/org/apache/logging/log4j/log4j-api/2.20.0/log4j-api-2.20.0.jar:/Users/liruochen/.m2/repository/org/slf4j/jul-to-slf4j/2.0.7/jul-to-slf4j-2.0.7.jar:/Users/liruochen/.m2/repository/jakarta/annotation/jakarta.annotation-api/2.1.1/jakarta.annotation-api-2.1.1.jar:/Users/liruochen/.m2/repository/org/springframework/spring-core/6.1.0-M4/spring-core-6.1.0-M4.jar:/Users/liruochen/.m2/repository/org/springframework/spring-jcl/6.1.0-M4/spring-jcl-6.1.0-M4.jar:/Users/liruochen/.m2/repository/org/yaml/snakeyaml/2.1/snakeyaml-2.1.jar:/Users/liruochen/.m2/repository/org/springframework/boot/spring-boot-devtools/3.2.0-M2/spring-boot-devtools-3.2.0-M2.jar:/Users/liruochen/.m2/repository/org/projectlombok/lombok/1.18.28/lombok-1.18.28.jar:/Users/liruochen/.m2/repository/org/springframework/boot/spring-boot-starter-test/3.2.0-M2/spring-boot-starter-test-3.2.0-M2.jar:/Users/liruochen/.m2/repository/org/springframework/boot/spring-boot-test/3.2.0-M2/spring-boot-test-3.2.0-M2.jar:/Users/liruochen/.m2/repository/org/springframework/boot/spring-boot-test-autoconfigure/3.2.0-M2/spring-boot-test-autoconfigure-3.2.0-M2.jar:/Users/liruochen/.m2/repository/com/jayway/jsonpath/json-path/2.8.0/json-path-2.8.0.jar:/Users/liruochen/.m2/repository/org/slf4j/slf4j-api/2.0.7/slf4j-api-2.0.7.jar:/Users/liruochen/.m2/repository/jakarta/xml/bind/jakarta.xml.bind-api/4.0.0/jakarta.xml.bind-api-4.0.0.jar:/Users/liruochen/.m2/repository/jakarta/activation/jakarta.activation-api/2.1.2/jakarta.activation-api-2.1.2.jar:/Users/liruochen/.m2/repository/net/minidev/json-smart/2.5.0/json-smart-2.5.0.jar:/Users/liruochen/.m2/repository/net/minidev/accessors-smart/2.5.0/accessors-smart-2.5.0.jar:/Users/liruochen/.m2/repository/org/ow2/asm/asm/9.3/asm-9.3.jar:/Users/liruochen/.m2/repository/org/assertj/assertj-core/3.24.2/assertj-core-3.24.2.jar:/Users/liruochen/.m2/repository/net/bytebuddy/byte-buddy/1.14.6/byte-buddy-1.14.6.jar:/Users/liruochen/.m2/repository/org/hamcrest/hamcrest/2.2/hamcrest-2.2.jar:/Users/liruochen/.m2/repository/org/junit/jupiter/junit-jupiter/5.10.0/junit-jupiter-5.10.0.jar:/Users/liruochen/.m2/repository/org/junit/jupiter/junit-jupiter-api/5.10.0/junit-jupiter-api-5.10.0.jar:/Users/liruochen/.m2/repository/org/opentest4j/opentest4j/1.3.0/opentest4j-1.3.0.jar:/Users/liruochen/.m2/repository/org/junit/platform/junit-platform-commons/1.10.0/junit-platform-commons-1.10.0.jar:/Users/liruochen/.m2/repository/org/apiguardian/apiguardian-api/1.1.2/apiguardian-api-1.1.2.jar:/Users/liruochen/.m2/repository/org/junit/jupiter/junit-jupiter-params/5.10.0/junit-jupiter-params-5.10.0.jar:/Users/liruochen/.m2/repository/org/junit/jupiter/junit-jupiter-engine/5.10.0/junit-jupiter-engine-5.10.0.jar:/Users/liruochen/.m2/repository/org/junit/platform/junit-platform-engine/1.10.0/junit-platform-engine-1.10.0.jar:/Users/liruochen/.m2/repository/org/mockito/mockito-core/5.5.0/mockito-core-5.5.0.jar:/Users/liruochen/.m2/repository/net/bytebuddy/byte-buddy-agent/1.14.6/byte-buddy-agent-1.14.6.jar:/Users/liruochen/.m2/repository/org/objenesis/objenesis/3.3/objenesis-3.3.jar:/Users/liruochen/.m2/repository/org/mockito/mockito-junit-jupiter/5.5.0/mockito-junit-jupiter-5.5.0.jar:/Users/liruochen/.m2/repository/org/skyscreamer/jsonassert/1.5.1/jsonassert-1.5.1.jar:/Users/liruochen/.m2/repository/com/vaadin/external/google/android-json/0.0.20131108.vaadin1/android-json-0.0.20131108.vaadin1.jar:/Users/liruochen/.m2/repository/org/springframework/spring-test/6.1.0-M4/spring-test-6.1.0-M4.jar:/Users/liruochen/.m2/repository/org/xmlunit/xmlunit-core/2.9.1/xmlunit-core-2.9.1.jar:"/>
    <property name="sun.cpu.endian" value="little"/>
    <property name="user.home" value="/Users/liruochen"/>
    <property name="user.language" value="zh"/>
    <property name="java.specification.vendor" value="Oracle Corporation"/>
    <property name="java.version.date" value="2023-08-24"/>
    <property name="java.home" value="/Library/Java/JavaVirtualMachines/temurin-17.jdk/Contents/Home"/>
    <property name="file.separator" value="/"/>
    <property name="basedir" value="/Users/liruochen/IdeaProjects/llamaapi"/>
    <property name="java.vm.compressedOopsMode" value="Zero based"/>
    <property name="line.separator" value="&#10;"/>
    <property name="java.vm.specification.vendor" value="Oracle Corporation"/>
    <property name="java.specification.name" value="Java Platform API Specification"/>
    <property name="FILE_LOG_CHARSET" value="UTF-8"/>
    <property name="java.awt.headless" value="true"/>
    <property name="surefire.real.class.path" value="/Users/liruochen/IdeaProjects/llamaapi/target/surefire/surefirebooter-20230910015624078_3.jar"/>
    <property name="user.script" value="Hant"/>
    <property name="sun.management.compiler" value="HotSpot 64-Bit Tiered Compilers"/>
    <property name="ftp.nonProxyHosts" value="local|*.local|169.254/16|*.169.254/16"/>
    <property name="java.runtime.version" value="17.0.8.1+1"/>
    <property name="user.name" value="liruochen"/>
    <property name="path.separator" value=":"/>
    <property name="os.version" value="13.4.1"/>
    <property name="java.runtime.name" value="OpenJDK Runtime Environment"/>
    <property name="file.encoding" value="UTF-8"/>
    <property name="java.vm.name" value="OpenJDK 64-Bit Server VM"/>
    <property name="java.vendor.version" value="Temurin-17.0.8.1+1"/>
    <property name="localRepository" value="/Users/liruochen/.m2/repository"/>
    <property name="java.vendor.url.bug" value="https://github.com/adoptium/adoptium-support/issues"/>
    <property name="java.io.tmpdir" value="/var/folders/fk/lycfxg9937nfhdhqb36rp0c80000gn/T/"/>
    <property name="idea.version" value="2023.2.1"/>
    <property name="java.version" value="17.0.8.1"/>
    <property name="user.dir" value="/Users/liruochen/IdeaProjects/llamaapi"/>
    <property name="os.arch" value="aarch64"/>
    <property name="java.vm.specification.name" value="Java Virtual Machine Specification"/>
    <property name="PID" value="40743"/>
    <property name="CONSOLE_LOG_CHARSET" value="UTF-8"/>
    <property name="native.encoding" value="UTF-8"/>
    <property name="java.library.path" value="/Users/liruochen/Library/Java/Extensions:/Library/Java/Extensions:/Network/Library/Java/Extensions:/System/Library/Java/Extensions:/usr/lib/java:."/>
    <property name="java.vm.info" value="mixed mode"/>
    <property name="java.vendor" value="Eclipse Adoptium"/>
    <property name="java.vm.version" value="17.0.8.1+1"/>
    <property name="sun.io.unicode.encoding" value="UnicodeBig"/>
    <property name="socksNonProxyHosts" value="local|*.local|169.254/16|*.169.254/16"/>
    <property name="java.class.version" value="61.0"/>
  </properties>
  <testcase name="contextLoads" classname="com.example.llama.llamaapi2.LlamaApi2ApplicationTests" time="0.454">
    <system-out><![CDATA[01:56:24.468 [main] INFO org.springframework.test.context.support.AnnotationConfigContextLoaderUtils -- Could not detect default configuration classes for test class [com.example.llama.llamaapi2.LlamaApi2ApplicationTests]: LlamaApi2ApplicationTests does not declare any static, non-private, non-final, nested classes annotated with @Configuration.
01:56:24.510 [main] INFO org.springframework.boot.test.context.SpringBootTestContextBootstrapper -- Found @SpringBootConfiguration com.example.llama.llamaapi2.LlamaApi2Application for test class com.example.llama.llamaapi2.LlamaApi2ApplicationTests

  .   ____          _            __ _ _
 /\\ / ___'_ __ _ _(_)_ __  __ _ \ \ \ \
( ( )\___ | '_ | '_| | '_ \/ _` | \ \ \ \
 \\/  ___)| |_)| | | | | || (_| |  ) ) ) )
  '  |____| .__|_| |_|_| |_\__, | / / / /
 =========|_|==============|___/=/_/_/_/
 :: Spring Boot ::             (v3.2.0-M2)

2023-09-10T01:56:24.688+08:00  INFO 40743 --- [           main] c.e.l.l.LlamaApi2ApplicationTests        : Starting LlamaApi2ApplicationTests using Java 17.0.8.1 with PID 40743 (started by liruochen in /Users/liruochen/IdeaProjects/llamaapi)
2023-09-10T01:56:24.689+08:00  INFO 40743 --- [           main] c.e.l.l.LlamaApi2ApplicationTests        : No active profile set, falling back to 1 default profile: "default"
2023-09-10T01:56:24.909+08:00  INFO 40743 --- [           main] c.e.l.l.LlamaApi2ApplicationTests        : Started LlamaApi2ApplicationTests in 0.344 seconds (process running for 0.789)
]]></system-out>
  </testcase>
</testsuite>